2025-04-08 18:34:47.838727 - Received CBT.V508.FILE101.PDS from FILE101.XMI 
2025-04-08 18:34:47.850398 - Found $$$$DISC.txt (text/plain) in CBT.V508.FILE101.PDS, moved to PDS/$$$$DISC
2025-04-08 18:34:47.851047 - Found $$$#DATE.txt (text/plain) in CBT.V508.FILE101.PDS, moved to PDS/$$$#DATE
2025-04-08 18:34:47.851584 - Found @FILE101.txt (text/plain) in CBT.V508.FILE101.PDS, moved to PDS/@FILE101
2025-04-08 18:34:47.852177 - Found ABRARCH1.txt (text/plain) in CBT.V508.FILE101.PDS, moved to PDS/ABRARCH1
2025-04-08 18:34:47.852775 - Found ABRARCH2.txt (text/plain) in CBT.V508.FILE101.PDS, moved to PDS/ABRARCH2
2025-04-08 18:34:47.853412 - Found ABRARCH3.txt (text/plain) in CBT.V508.FILE101.PDS, moved to PDS/ABRARCH3
2025-04-08 18:34:47.854018 - Found ABRARCH4.txt (text/plain) in CBT.V508.FILE101.PDS, moved to PDS/ABRARCH4
2025-04-08 18:34:47.854558 - Found ABRARCH5.txt (text/plain) in CBT.V508.FILE101.PDS, moved to PDS/ABRARCH5
2025-04-08 18:34:47.855081 - Found ABRARCH6.txt (text/plain) in CBT.V508.FILE101.PDS, moved to PDS/ABRARCH6
2025-04-08 18:34:47.855618 - Found ABRBKUP1.txt (text/plain) in CBT.V508.FILE101.PDS, moved to PDS/ABRBKUP1
2025-04-08 18:34:47.856153 - Found ABRBKUP2.txt (text/plain) in CBT.V508.FILE101.PDS, moved to PDS/ABRBKUP2
2025-04-08 18:34:47.856734 - Found ABRBKUP3.txt (text/plain) in CBT.V508.FILE101.PDS, moved to PDS/ABRBKUP3
2025-04-08 18:34:47.857270 - Found ABRBKUP4.txt (text/plain) in CBT.V508.FILE101.PDS, moved to PDS/ABRBKUP4
2025-04-08 18:34:47.857821 - Found ABRRPT1.txt (text/plain) in CBT.V508.FILE101.PDS, moved to PDS/ABRRPT1
2025-04-08 18:34:47.858356 - Found ABRRPT2.txt (text/plain) in CBT.V508.FILE101.PDS, moved to PDS/ABRRPT2
2025-04-08 18:34:47.858864 - Found ABRRPT3.txt (text/plain) in CBT.V508.FILE101.PDS, moved to PDS/ABRRPT3
2025-04-08 18:34:47.859362 - Found ABRRPT4.txt (text/plain) in CBT.V508.FILE101.PDS, moved to PDS/ABRRPT4
2025-04-08 18:34:47.859937 - Found ABRRPT5.txt (text/plain) in CBT.V508.FILE101.PDS, moved to PDS/ABRRPT5
2025-04-08 18:34:47.860537 - Found ABRRPT6.txt (text/plain) in CBT.V508.FILE101.PDS, moved to PDS/ABRRPT6
2025-04-08 18:34:47.861178 - Found ABRUIDCK.txt (text/plain) in CBT.V508.FILE101.PDS, moved to PDS/ABRUIDCK
2025-04-08 18:34:47.861777 - Found ABRVOLDF.txt (text/plain) in CBT.V508.FILE101.PDS, moved to PDS/ABRVOLDF
2025-04-08 18:34:47.862312 - Found ADDPASS.txt (text/plain) in CBT.V508.FILE101.PDS, moved to PDS/ADDPASS
2025-04-08 18:34:47.862849 - Found CHNGPASS.txt (text/plain) in CBT.V508.FILE101.PDS, moved to PDS/CHNGPASS
2025-04-08 18:34:47.863696 - Found DELPASS.txt (text/plain) in CBT.V508.FILE101.PDS, moved to PDS/DELPASS
2025-04-08 18:34:47.864306 - Found GENER1.txt (text/plain) in CBT.V508.FILE101.PDS, moved to PDS/GENER1
2025-04-08 18:34:47.864917 - Found INFOMGT1.txt (text/plain) in CBT.V508.FILE101.PDS, moved to PDS/INFOMGT1
2025-04-08 18:34:47.865528 - Found PLTCMPR.txt (text/plain) in CBT.V508.FILE101.PDS, moved to PDS/PLTCMPR
2025-04-08 18:34:47.866142 - Found S1ASM1.txt (text/plain) in CBT.V508.FILE101.PDS, moved to PDS/S1ASM1
2025-04-08 18:34:47.866704 - Found S1ASM1B.txt (text/plain) in CBT.V508.FILE101.PDS, moved to PDS/S1ASM1B
2025-04-08 18:34:47.867306 - Found S1OBJ1.txt (text/plain) in CBT.V508.FILE101.PDS, moved to PDS/S1OBJ1
2025-04-08 18:34:47.867866 - Found USERCOB.txt (text/plain) in CBT.V508.FILE101.PDS, moved to PDS/USERCOB
2025-04-08 18:34:47.868406 - Found USERCOBB.txt (text/plain) in CBT.V508.FILE101.PDS, moved to PDS/USERCOBB
2025-04-08 18:34:47.868940 - Found USERLNK.txt (text/plain) in CBT.V508.FILE101.PDS, moved to PDS/USERLNK
2025-04-08 18:34:47.869580 - Found USERLNKB.txt (text/plain) in CBT.V508.FILE101.PDS, moved to PDS/USERLNKB
2025-04-08 18:34:47.870554 - Found USERSELB.txt (text/plain) in CBT.V508.FILE101.PDS, moved to PDS/USERSELB
2025-04-08 18:34:47.871303 - Found VTOCCMD1.txt (text/plain) in CBT.V508.FILE101.PDS, moved to PDS/VTOCCMD1
